Downloads/NOTE2SNAP_UI/app/build/intermediates/manifest_merge_blame_file/debug/manifest-merger-blame-debug-report.txt
1<?xml version="1.0" encoding="utf-8"?>
2<manifest xmlns:android="http://schemas.android.com/apk/res/android"
3    package="com.example.note2snap"
4    android:versionCode="1"
5    android:versionName="1.0" >
6
7    <uses-sdk
8        android:minSdkVersion="24"
9        android:targetSdkVersion="34" />
10
11    <!-- Hardware Features -->
12    <uses-feature android:name="android.hardware.camera.any" />
12-->src\main\AndroidManifest.xml:6:5-64
12-->src\main\AndroidManifest.xml:6:19-61
13
14    <!-- Permissions -->
15    <uses-permission android:name="android.permission.CAMERA" />
15-->src\main\AndroidManifest.xml:9:5-65
15-->src\main\AndroidManifest.xml:9:22-62
16    <uses-permission
16-->src\main\AndroidManifest.xml:10:5-12:38
17        android:name="android.permission.READ_EXTERNAL_STORAGE"
17-->src\main\AndroidManifest.xml:11:9-64
18        android:maxSdkVersion="32" />
18-->src\main\AndroidManifest.xml:12:9-35
19    <uses-permission android:name="android.permission.READ_MEDIA_IMAGES" />
19-->src\main\AndroidManifest.xml:13:5-76
19-->src\main\AndroidManifest.xml:13:22-73
20
21    <permission
21-->[androidx.core:core:1.13.1] AndroidManifest.xml:22:5-24:47
22        android:name="com.example.note2snap.DYNAMIC_RECEIVER_NOT_EXPORTED_PERMISSION"
22-->[androidx.core:core:1.13.1] AndroidManifest.xml:23:9-81
23        android:protectionLevel="signature" />
23-->[androidx.core:core:1.13.1] AndroidManifest.xml:24:9-44
24
25    <uses-permission android:name="com.example.note2snap.DYNAMIC_RECEIVER_NOT_EXPORTED_PERMISSION" />
25-->[androidx.core:core:1.13.1] AndroidManifest.xml:26:5-97
25-->[androidx.core:core:1.13.1] AndroidManifest.xml:26:22-94
26
27    <application
27-->src\main\AndroidManifest.xml:15:5-39:19
28        android:allowBackup="true"
28-->src\main\AndroidManifest.xml:16:9-35
29        android:appComponentFactory="androidx.core.app.CoreComponentFactory"
29-->[androidx.core:core:1.13.1] AndroidManifest.xml:28:18-86
30        android:debuggable="true"
31        android:extractNativeLibs="false"
32        android:icon="@mipmap/ic_launcher"
32-->src\main\AndroidManifest.xml:17:9-43
33        android:label="NOTE2SNAP"
33-->src\main\AndroidManifest.xml:19:9-34
34        android:roundIcon="@mipmap/ic_launcher_round"
34-->src\main\AndroidManifest.xml:18:9-54
35        android:supportsRtl="true"
35-->src\main\AndroidManifest.xml:20:9-35
36        android:testOnly="true"
37        android:theme="@style/Theme.Note2Snap" >
37-->src\main\AndroidManifest.xml:21:9-47
38        <activity
38-->src\main\AndroidManifest.xml:23:9-31:20
39            android:name="com.example.note2snap.activities.SplashActivity"
39-->src\main\AndroidManifest.xml:24:13-54
40            android:exported="true"
40-->src\main\AndroidManifest.xml:25:13-36
41            android:theme="@style/Theme.Note2Snap" >
41-->src\main\AndroidManifest.xml:26:13-51
42            <intent-filter>
42-->src\main\AndroidManifest.xml:27:13-30:29
43                <action android:name="android.intent.action.MAIN" />
43-->src\main\AndroidManifest.xml:28:17-69
43-->src\main\AndroidManifest.xml:28:25-66
44
45                <category android:name="android.intent.category.LAUNCHER" />
45-->src\main\AndroidManifest.xml:29:17-77
45-->src\main\AndroidManifest.xml:29:27-74
46            </intent-filter>
47        </activity>
48        <activity
48-->src\main\AndroidManifest.xml:33:9-86
49            android:name="com.example.note2snap.activities.MainActivity"
49-->src\main\AndroidManifest.xml:33:19-58
50            android:exported="false" />
50-->src\main\AndroidManifest.xml:33:59-83
51        <activity
51-->src\main\AndroidManifest.xml:34:9-89
52            android:name="com.example.note2snap.activities.LoadingActivity"
52-->src\main\AndroidManifest.xml:34:19-61
53            android:exported="false" />
53-->src\main\AndroidManifest.xml:34:62-86
54        <activity
54-->src\main\AndroidManifest.xml:35:9-94
55            android:name="com.example.note2snap.activities.CreateFolderActivity"
55-->src\main\AndroidManifest.xml:35:19-66
56            android:exported="false" />
56-->src\main\AndroidManifest.xml:35:67-91
57        <activity
57-->src\main\AndroidManifest.xml:36:9-92
58            android:name="com.example.note2snap.activities.SaveFolderActivity"
58-->src\main\AndroidManifest.xml:36:19-64
59            android:exported="false" />
59-->src\main\AndroidManifest.xml:36:65-89
60        <activity
60-->src\main\AndroidManifest.xml:37:9-91
61            android:name="com.example.note2snap.activities.PdfViewerActivity"
61-->src\main\AndroidManifest.xml:37:19-63
62            android:exported="false" />
62-->src\main\AndroidManifest.xml:37:64-88
63
64        <service
64-->[androidx.camera:camera-camera2:1.3.4] AndroidManifest.xml:24:9-33:19
65            android:name="androidx.camera.core.impl.MetadataHolderService"
65-->[androidx.camera:camera-camera2:1.3.4] AndroidManifest.xml:25:13-75
66            android:enabled="false"
66-->[androidx.camera:camera-camera2:1.3.4] AndroidManifest.xml:26:13-36
67            android:exported="false" >
67-->[androidx.camera:camera-camera2:1.3.4] AndroidManifest.xml:27:13-37
68            <meta-data
68-->[androidx.camera:camera-camera2:1.3.4] AndroidManifest.xml:30:13-32:89
69                android:name="androidx.camera.core.impl.MetadataHolderService.DEFAULT_CONFIG_PROVIDER"
69-->[androidx.camera:camera-camera2:1.3.4] AndroidManifest.xml:31:17-103
70                android:value="androidx.camera.camera2.Camera2Config$DefaultProvider" />
70-->[androidx.camera:camera-camera2:1.3.4] AndroidManifest.xml:32:17-86
71        </service>
72
73        <provider
73-->[androidx.emoji2:emoji2:1.3.0] AndroidManifest.xml:24:9-32:20
74            android:name="androidx.startup.InitializationProvider"
74-->[androidx.emoji2:emoji2:1.3.0] AndroidManifest.xml:25:13-67
75            android:authorities="com.example.note2snap.androidx-startup"
75-->[androidx.emoji2:emoji2:1.3.0] AndroidManifest.xml:26:13-68
76            android:exported="false" >
76-->[androidx.emoji2:emoji2:1.3.0] AndroidManifest.xml:27:13-37
77            <meta-data
77-->[androidx.emoji2:emoji2:1.3.0] AndroidManifest.xml:29:13-31:52
78                android:name="androidx.emoji2.text.EmojiCompatInitializer"
78-->[androidx.emoji2:emoji2:1.3.0] AndroidManifest.xml:30:17-75
79                android:value="androidx.startup" />
79-->[androidx.emoji2:emoji2:1.3.0] AndroidManifest.xml:31:17-49
80            <meta-data
80-->[androidx.lifecycle:lifecycle-process:2.7.0] AndroidManifest.xml:29:13-31:52
81                android:name="androidx.lifecycle.ProcessLifecycleInitializer"
81-->[androidx.lifecycle:lifecycle-process:2.7.0] AndroidManifest.xml:30:17-78
82                android:value="androidx.startup" />
82-->[androidx.lifecycle:lifecycle-process:2.7.0] AndroidManifest.xml:31:17-49
83            <meta-data
83-->[androidx.profileinstaller:profileinstaller:1.3.1] AndroidManifest.xml:29:13-31:52
84                android:name="androidx.profileinstaller.ProfileInstallerInitializer"
84-->[androidx.profileinstaller:profileinstaller:1.3.1] AndroidManifest.xml:30:17-85
85                android:value="androidx.startup" />
85-->[androidx.profileinstaller:profileinstaller:1.3.1] AndroidManifest.xml:31:17-49
86        </provider>
87
88        <receiver
88-->[androidx.profileinstaller:profileinstaller:1.3.1] AndroidManifest.xml:34:9-52:20
89            android:name="androidx.profileinstaller.ProfileInstallReceiver"
89-->[androidx.profileinstaller:profileinstaller:1.3.1] AndroidManifest.xml:35:13-76
90            android:directBootAware="false"
90-->[androidx.profileinstaller:profileinstaller:1.3.1] AndroidManifest.xml:36:13-44
91            android:enabled="true"
91-->[androidx.profileinstaller:profileinstaller:1.3.1] AndroidManifest.xml:37:13-35
92            android:exported="true"
92-->[androidx.profileinstaller:profileinstaller:1.3.1] AndroidManifest.xml:38:13-36
93            android:permission="android.permission.DUMP" >
93-->[androidx.profileinstaller:profileinstaller:1.3.1] AndroidManifest.xml:39:13-57
94            <intent-filter>
94-->[androidx.profileinstaller:profileinstaller:1.3.1] AndroidManifest.xml:40:13-42:29
95                <action android:name="androidx.profileinstaller.action.INSTALL_PROFILE" />
95-->[androidx.profileinstaller:profileinstaller:1.3.1] AndroidManifest.xml:41:17-91
95-->[androidx.profileinstaller:profileinstaller:1.3.1] AndroidManifest.xml:41:25-88
96            </intent-filter>
97            <intent-filter>
97-->[androidx.profileinstaller:profileinstaller:1.3.1] AndroidManifest.xml:43:13-45:29
98                <action android:name="androidx.profileinstaller.action.SKIP_FILE" />
98-->[androidx.profileinstaller:profileinstaller:1.3.1] AndroidManifest.xml:44:17-85
98-->[androidx.profileinstaller:profileinstaller:1.3.1] AndroidManifest.xml:44:25-82
99            </intent-filter>
100            <intent-filter>
100-->[androidx.profileinstaller:profileinstaller:1.3.1] AndroidManifest.xml:46:13-48:29
101                <action android:name="androidx.profileinstaller.action.SAVE_PROFILE" />
101-->[androidx.profileinstaller:profileinstaller:1.3.1] AndroidManifest.xml:47:17-88
101-->[androidx.profileinstaller:profileinstaller:1.3.1] AndroidManifest.xml:47:25-85
102            </intent-filter>
103            <intent-filter>
103-->[androidx.profileinstaller:profileinstaller:1.3.1] AndroidManifest.xml:49:13-51:29
104                <action android:name="androidx.profileinstaller.action.BENCHMARK_OPERATION" />
104-->[androidx.profileinstaller:profileinstaller:1.3.1] AndroidManifest.xml:50:17-95
104-->[androidx.profileinstaller:profileinstaller:1.3.1] AndroidManifest.xml:50:25-92
105            </intent-filter>
106        </receiver>
107    </application>
108
109</manifest>